2023-09-11 08:48:14.949 [main] INFO  Freerouting v1.7.0 (build-date: 2023-02-08)
2023-09-11 08:48:14.952 [main] DEBUG  Version: 1.7.0,2023-02-08
2023-09-11 08:48:14.954 [main] DEBUG  Command line arguments: ''
2023-09-11 08:48:14.954 [main] DEBUG  Architecture: Linux,amd64,5.15.0-76-generic
2023-09-11 08:48:14.955 [main] DEBUG  Java: 17.0.6,Eclipse Adoptium
2023-09-11 08:48:14.956 [main] DEBUG  System Language: en,en_US
2023-09-11 08:48:14.958 [main] DEBUG  Hardware: 4 CPU cores,3912 MB RAM
2023-09-11 08:48:14.970 [main] DEBUG  UTC Time: 2023-09-11T15:48:14.958869364Z
2023-09-11 08:48:14.973 [main] DEBUG  GUI Language: en_US
2023-09-11 08:48:15.294 [main] TRACE Method 'MainApplication.main()' was performed in 0.58 seconds.
2023-09-11 08:48:21.571 [main] INFO  Freerouting v1.7.0 (build-date: 2023-02-08)
2023-09-11 08:48:21.574 [main] DEBUG  Version: 1.7.0,2023-02-08
2023-09-11 08:48:21.576 [main] DEBUG  Command line arguments: '--help'
2023-09-11 08:48:21.577 [main] DEBUG  Architecture: Linux,amd64,5.15.0-76-generic
2023-09-11 08:48:21.578 [main] DEBUG  Java: 17.0.6,Eclipse Adoptium
2023-09-11 08:48:21.578 [main] DEBUG  System Language: en,en_US
2023-09-11 08:48:21.581 [main] DEBUG  Hardware: 4 CPU cores,3912 MB RAM
2023-09-11 08:48:21.595 [main] DEBUG  UTC Time: 2023-09-11T15:48:21.581729490Z
2023-09-11 08:48:21.598 [main] DEBUG  GUI Language: en_US
2023-09-11 08:48:21.833 [main] TRACE Method 'MainApplication.main()' was performed in 0.37 seconds.
2023-09-11 08:48:27.870 [main] INFO  Freerouting v1.7.0 (build-date: 2023-02-08)
2023-09-11 08:48:27.872 [main] DEBUG  Version: 1.7.0,2023-02-08
2023-09-11 08:48:27.874 [main] DEBUG  Command line arguments: '-h'
2023-09-11 08:48:27.875 [main] DEBUG  Architecture: Linux,amd64,5.15.0-76-generic
2023-09-11 08:48:27.876 [main] DEBUG  Java: 17.0.6,Eclipse Adoptium
2023-09-11 08:48:27.876 [main] DEBUG  System Language: en,en_US
2023-09-11 08:48:27.879 [main] DEBUG  Hardware: 4 CPU cores,3912 MB RAM
2023-09-11 08:48:27.895 [main] DEBUG  UTC Time: 2023-09-11T15:48:27.879860755Z
2023-09-11 08:48:27.898 [main] DEBUG  GUI Language: en_US
2023-09-11 08:48:45.179 [main] INFO  Freerouting v1.7.0 (build-date: 2023-02-08)
2023-09-11 08:48:45.182 [main] DEBUG  Version: 1.7.0,2023-02-08
2023-09-11 08:48:45.184 [main] DEBUG  Command line arguments: '-us hybrid -de i_control_led.dsn'
2023-09-11 08:48:45.185 [main] DEBUG  Architecture: Linux,amd64,5.15.0-76-generic
2023-09-11 08:48:45.186 [main] DEBUG  Java: 17.0.6,Eclipse Adoptium
2023-09-11 08:48:45.187 [main] DEBUG  System Language: en,en_US
2023-09-11 08:48:45.189 [main] DEBUG  Hardware: 4 CPU cores,3912 MB RAM
2023-09-11 08:48:45.203 [main] DEBUG  UTC Time: 2023-09-11T15:48:45.190015817Z
2023-09-11 08:48:45.206 [main] DEBUG  GUI Language: en_US
2023-09-11 08:48:45.211 [main] INFO  Opening 'i_control_led.dsn'...
2023-09-11 08:48:46.398 [main] INFO  Opening 'i_control_led.rules'...
2023-09-11 08:48:46.402 [main] ERROR File 'i_control_led.rules' was not found.
2023-09-11 08:48:46.743 [main] TRACE Method 'MainApplication.main()' was performed in 1.68 seconds.
2023-09-11 08:48:48.175 [Thread-0] INFO  Starting auto-routing...
2023-09-11 08:48:48.883 [Thread-0] TRACE Method 'BatchAutorouter.autoroute_pass #1 on board '23d0bc21dde835f574ee866747bf2f3e' making 40 changes' was performed in 0.59 seconds.
2023-09-11 08:48:49.144 [Thread-0] TRACE Method 'BatchAutorouter.autoroute_pass #2 on board '822623ffc41442d92e8530115bf91ac4' making 14 changes' was performed in 0.24 seconds.
2023-09-11 08:48:49.487 [Thread-0] TRACE Method 'BatchAutorouter.autoroute_pass #3 on board '252c5ee435a6b53c51ad2dfcfaadbfd7' making 18 changes' was performed in 0.33 seconds.
2023-09-11 08:48:49.879 [Thread-0] TRACE Method 'BatchAutorouter.autoroute_pass #4 on board 'bbdac467a4c684507f12a7a1e713391c' making 15 changes' was performed in 0.38 seconds.
2023-09-11 08:48:50.325 [Thread-0] TRACE Method 'BatchAutorouter.autoroute_pass #5 on board '6c824ba9c1cfb7bc303f55783b063ce4' making 18 changes' was performed in 0.43 seconds.
2023-09-11 08:48:50.793 [Thread-0] TRACE Method 'BatchAutorouter.autoroute_pass #6 on board '3c99daf4149659e576e19f6208fd4b36' making 30 changes' was performed in 0.45 seconds.
2023-09-11 08:48:50.824 [Thread-0] TRACE Method 'BatchAutorouter.autoroute_pass #7 on board 'da246c6f740745f0c0425df69dde3b89' making 7 changes' was performed in 0.02 seconds.
2023-09-11 08:48:50.994 [Thread-0] TRACE Method 'BatchAutorouter.autoroute_pass #8 on board 'a864a2ad301518077687a1f326c5ca9b' making 11 changes' was performed in 0.16 seconds.
2023-09-11 08:48:51.021 [Thread-0] TRACE Method 'BatchAutorouter.autoroute_pass #9 on board '8be90d21b6caaa2172007962ad71756d' making 7 changes' was performed in 0.02 seconds.
2023-09-11 08:48:51.178 [Thread-0] TRACE Method 'BatchAutorouter.autoroute_pass #10 on board '26909a3086484f7ed2dc123ee9af971c' making 9 changes' was performed in 0.15 seconds.
2023-09-11 08:48:51.208 [Thread-0] TRACE Method 'BatchAutorouter.autoroute_pass #11 on board '16924c7dddfe0cebb1b51c30fe0908fb' making 7 changes' was performed in 0.02 seconds.
2023-09-11 08:48:51.367 [Thread-0] TRACE Method 'BatchAutorouter.autoroute_pass #12 on board '460f113cf5a8c33f2f4ab4fe23e3f504' making 9 changes' was performed in 0.15 seconds.
2023-09-11 08:48:51.394 [Thread-0] TRACE Method 'BatchAutorouter.autoroute_pass #13 on board 'ea99bc1a1ac7a837798a131f70b8e21e' making 7 changes' was performed in 0.02 seconds.
2023-09-11 08:48:51.550 [Thread-0] TRACE Method 'BatchAutorouter.autoroute_pass #14 on board '57203b71c92b2119f96e7aee8d2e3667' making 9 changes' was performed in 0.14 seconds.
2023-09-11 08:48:51.577 [Thread-0] TRACE Method 'BatchAutorouter.autoroute_pass #15 on board '7e5b5e1be5e0f496a266ae22765b0771' making 7 changes' was performed in 0.02 seconds.
2023-09-11 08:48:51.740 [Thread-0] TRACE Method 'BatchAutorouter.autoroute_pass #16 on board 'a1c84a793aac0799494dfa28d00d668b' making 9 changes' was performed in 0.15 seconds.
2023-09-11 08:48:51.765 [Thread-0] TRACE Method 'BatchAutorouter.autoroute_pass #17 on board 'c78f4fa96fd214b97894d94981152547' making 7 changes' was performed in 0.01 seconds.
2023-09-11 08:48:51.912 [Thread-0] TRACE Method 'BatchAutorouter.autoroute_pass #18 on board 'e0150eb77178d8cd62d6e1a11fa7000c' making 9 changes' was performed in 0.14 seconds.
2023-09-11 08:48:51.937 [Thread-0] TRACE Method 'BatchAutorouter.autoroute_pass #19 on board 'bf25308cf96210c7a083e359dcff722c' making 7 changes' was performed in 0.02 seconds.
2023-09-11 08:48:52.085 [Thread-0] TRACE Method 'BatchAutorouter.autoroute_pass #20 on board 'c171d18fb30ceed94f02c1ced4c4efd2' making 9 changes' was performed in 0.14 seconds.
2023-09-11 08:48:52.113 [Thread-0] WARN  There were only 10.80 changes in the last 20 passes, so it's very likely that autorouter can't improve the result much further. It is recommended to stop it and finish the board manually.
2023-09-11 08:48:52.114 [Thread-0] TRACE Method 'BatchAutorouter.autoroute_pass #21 on board 'c1decbe0d82051ae3b15fb0a8e93ae02' making 7 changes' was performed in 0.02 seconds.
2023-09-11 08:48:52.275 [Thread-0] TRACE Method 'BatchAutorouter.autoroute_pass #22 on board '01ed1e0bd6736811be13b52a1528972b' making 9 changes' was performed in 0.15 seconds.
2023-09-11 08:48:52.301 [Thread-0] TRACE Method 'BatchAutorouter.autoroute_pass #23 on board 'e18351d4d4e8dce76bbbee0adc67d042' making 7 changes' was performed in 0.02 seconds.
2023-09-11 08:48:52.445 [Thread-0] TRACE Method 'BatchAutorouter.autoroute_pass #24 on board '0131ea2fe0dbd189b58c314485bb8e79' making 9 changes' was performed in 0.14 seconds.
2023-09-11 08:48:52.475 [Thread-0] TRACE Method 'BatchAutorouter.autoroute_pass #25 on board 'b4fbec34d00a915dd42f3ff6320591e4' making 7 changes' was performed in 0.02 seconds.
2023-09-11 08:48:52.631 [Thread-0] TRACE Method 'BatchAutorouter.autoroute_pass #26 on board 'dc5e11787d43bdf011ca26f29b94cddb' making 9 changes' was performed in 0.15 seconds.
2023-09-11 08:48:52.656 [Thread-0] TRACE Method 'BatchAutorouter.autoroute_pass #27 on board 'a39ddfe2cc7cf742fc1aa2fd3d502cd7' making 7 changes' was performed in 0.02 seconds.
2023-09-11 08:48:52.806 [Thread-0] TRACE Method 'BatchAutorouter.autoroute_pass #28 on board '09f2a095dbf8780de9aae229f0a73d94' making 9 changes' was performed in 0.13 seconds.
2023-09-11 08:48:52.827 [Thread-0] TRACE Method 'BatchAutorouter.autoroute_pass #29 on board '3c6ea471227b594826ce647d1abdbb09' making 7 changes' was performed in 0.01 seconds.
2023-09-11 08:48:52.963 [Thread-0] TRACE Method 'BatchAutorouter.autoroute_pass #30 on board '58aa79f45d0c3ffc07cdb9ece8d7e788' making 9 changes' was performed in 0.13 seconds.
2023-09-11 08:48:52.987 [Thread-0] TRACE Method 'BatchAutorouter.autoroute_pass #31 on board '0e948bc202528cddd6aa1c6e9263ba79' making 7 changes' was performed in 0.01 seconds.
2023-09-11 08:48:53.121 [Thread-0] TRACE Method 'BatchAutorouter.autoroute_pass #32 on board '9f5a215565188822e2ea77151529b9de' making 9 changes' was performed in 0.13 seconds.
2023-09-11 08:48:53.142 [Thread-0] TRACE Method 'BatchAutorouter.autoroute_pass #33 on board '4310d72221aa63b5752f65746227db00' making 7 changes' was performed in 0.01 seconds.
2023-09-11 08:48:53.273 [Thread-0] TRACE Method 'BatchAutorouter.autoroute_pass #34 on board 'aa5926f78d23e45b15119d6a5982a86a' making 9 changes' was performed in 0.12 seconds.
2023-09-11 08:48:53.295 [Thread-0] TRACE Method 'BatchAutorouter.autoroute_pass #35 on board 'e0697498b131bec5683f9556a2c9909a' making 7 changes' was performed in 0.01 seconds.
2023-09-11 08:48:53.428 [Thread-0] TRACE Method 'BatchAutorouter.autoroute_pass #36 on board 'c9d3ce27c817a2014e8e05c0651c6b93' making 9 changes' was performed in 0.13 seconds.
2023-09-11 08:48:53.450 [Thread-0] TRACE Method 'BatchAutorouter.autoroute_pass #37 on board 'c9e6caf009ead7e48fe4c1818755d005' making 7 changes' was performed in 0.01 seconds.
2023-09-11 08:48:53.579 [Thread-0] TRACE Method 'BatchAutorouter.autoroute_pass #38 on board '475973933bf5234e9d70af2b70998ada' making 9 changes' was performed in 0.12 seconds.
2023-09-11 08:48:53.602 [Thread-0] TRACE Method 'BatchAutorouter.autoroute_pass #39 on board '03ca7bdb8aa6d55a7b141986c742486c' making 7 changes' was performed in 0.02 seconds.
2023-09-11 08:48:53.733 [Thread-0] TRACE Method 'BatchAutorouter.autoroute_pass #40 on board '73eba9225a815e9b429b2c883269290b' making 9 changes' was performed in 0.12 seconds.
2023-09-11 08:48:53.753 [Thread-0] TRACE Method 'BatchAutorouter.autoroute_pass #41 on board '2db94e4e417a97ca70764b69219cddbe' making 7 changes' was performed in 0.01 seconds.
2023-09-11 08:48:53.883 [Thread-0] WARN  There were only 9.28 changes in the last 40 passes, so it's very likely that autorouter can't improve the result much further. It is recommended to stop it and finish the board manually.
2023-09-11 08:48:53.884 [Thread-0] TRACE Method 'BatchAutorouter.autoroute_pass #42 on board '8678b5cddbfc71fdc7eefabdb935b8c7' making 9 changes' was performed in 0.12 seconds.
2023-09-11 08:48:53.909 [Thread-0] TRACE Method 'BatchAutorouter.autoroute_pass #43 on board 'fdc22ba4b19db66d75ed398ae3a54062' making 7 changes' was performed in 0.02 seconds.
2023-09-11 08:48:54.039 [Thread-0] TRACE Method 'BatchAutorouter.autoroute_pass #44 on board '9ba2ed645bbfc78b29109158db0987ba' making 9 changes' was performed in 0.12 seconds.
2023-09-11 08:48:54.060 [Thread-0] TRACE Method 'BatchAutorouter.autoroute_pass #45 on board 'd7b35805c27f916190d199222ae2d220' making 7 changes' was performed in 0.01 seconds.
2023-09-11 08:48:54.186 [Thread-0] TRACE Method 'BatchAutorouter.autoroute_pass #46 on board '955815acfec76ad5d3d5bc9bf1c15d1d' making 9 changes' was performed in 0.12 seconds.
2023-09-11 08:48:54.206 [Thread-0] TRACE Method 'BatchAutorouter.autoroute_pass #47 on board '938f362e3c7c6904d2f62122bbef7a24' making 7 changes' was performed in 0.01 seconds.
2023-09-11 08:48:54.348 [Thread-0] TRACE Method 'BatchAutorouter.autoroute_pass #48 on board 'fef8fc0814216ba3f6a6c4a2ce7bd9de' making 9 changes' was performed in 0.14 seconds.
2023-09-11 08:48:54.368 [Thread-0] TRACE Method 'BatchAutorouter.autoroute_pass #49 on board '1fbb26bfa5227daea26eda4f8d888316' making 7 changes' was performed in 0.01 seconds.
2023-09-11 08:48:54.493 [Thread-0] TRACE Method 'BatchAutorouter.autoroute_pass #50 on board 'c751cc1a23ca5f12afba531877349ff3' making 9 changes' was performed in 0.12 seconds.
2023-09-11 08:48:54.513 [Thread-0] TRACE Method 'BatchAutorouter.autoroute_pass #51 on board '1e2641b426ee97ef1d3fde888a528b96' making 7 changes' was performed in 0.01 seconds.
2023-09-11 08:48:54.638 [Thread-0] TRACE Method 'BatchAutorouter.autoroute_pass #52 on board '11e58186dec0ffe260f673f0691e620a' making 9 changes' was performed in 0.12 seconds.
2023-09-11 08:48:54.662 [Thread-0] TRACE Method 'BatchAutorouter.autoroute_pass #53 on board '407c1b8729649ed42b8134dd5a18f113' making 7 changes' was performed in 0.02 seconds.
2023-09-11 08:48:54.792 [Thread-0] TRACE Method 'BatchAutorouter.autoroute_pass #54 on board 'a8be04345ae4e98b8695aff37762e95f' making 9 changes' was performed in 0.12 seconds.
2023-09-11 08:48:54.813 [Thread-0] TRACE Method 'BatchAutorouter.autoroute_pass #55 on board '819d3570858a304023952fc7abac3f8a' making 7 changes' was performed in 0.01 seconds.
2023-09-11 08:48:54.937 [Thread-0] TRACE Method 'BatchAutorouter.autoroute_pass #56 on board 'df4919824d934a0aea22d3fc8d236b1b' making 9 changes' was performed in 0.12 seconds.
2023-09-11 08:48:54.957 [Thread-0] TRACE Method 'BatchAutorouter.autoroute_pass #57 on board '12118030aed8a3df086f29443ad39dc8' making 7 changes' was performed in 0.01 seconds.
2023-09-11 08:48:55.082 [Thread-0] TRACE Method 'BatchAutorouter.autoroute_pass #58 on board '58dee370e070a934a47d0f990b44aab3' making 9 changes' was performed in 0.12 seconds.
2023-09-11 08:48:55.101 [Thread-0] TRACE Method 'BatchAutorouter.autoroute_pass #59 on board '40e006fc4362aa9ffdfaebc622a759bc' making 7 changes' was performed in 0.01 seconds.
2023-09-11 08:48:55.219 [Thread-0] TRACE Method 'BatchAutorouter.autoroute_pass #60 on board 'e57ffe5eebc4d0b369e5719a24cbae42' making 9 changes' was performed in 0.11 seconds.
2023-09-11 08:48:55.238 [Thread-0] TRACE Method 'BatchAutorouter.autoroute_pass #61 on board '6e6a267abf7ee6030a4f7d0059012d14' making 7 changes' was performed in 0.01 seconds.
2023-09-11 08:48:55.356 [Thread-0] TRACE Method 'BatchAutorouter.autoroute_pass #62 on board 'dffcf8f8438c46398366a52a09ffb5e2' making 9 changes' was performed in 0.11 seconds.
2023-09-11 08:48:55.375 [Thread-0] WARN  There were only 8.67 changes in the last 60 passes, so it's very likely that autorouter can't improve the result much further. It is recommended to stop it and finish the board manually.
2023-09-11 08:48:55.376 [Thread-0] TRACE Method 'BatchAutorouter.autoroute_pass #63 on board 'caad1a8365bdc97d8f5b0c0d94d26dc5' making 7 changes' was performed in 0.01 seconds.
2023-09-11 08:48:55.493 [Thread-0] TRACE Method 'BatchAutorouter.autoroute_pass #64 on board '09d4c9f724b302f0ecfe19215245898d' making 9 changes' was performed in 0.11 seconds.
2023-09-11 08:48:55.513 [Thread-0] TRACE Method 'BatchAutorouter.autoroute_pass #65 on board '61c64cd2bf9aeb5ffa66c73356194372' making 7 changes' was performed in 0.01 seconds.
2023-09-11 08:48:55.634 [Thread-0] TRACE Method 'BatchAutorouter.autoroute_pass #66 on board '55ab5b76799549327352f40c5aa28d40' making 9 changes' was performed in 0.12 seconds.
2023-09-11 08:48:55.653 [Thread-0] TRACE Method 'BatchAutorouter.autoroute_pass #67 on board '1bde15defff7a7f3b5e48954fddcfdde' making 7 changes' was performed in 0.01 seconds.
2023-09-11 08:48:55.777 [Thread-0] TRACE Method 'BatchAutorouter.autoroute_pass #68 on board '6b577d450d0d14b25428723a33315344' making 9 changes' was performed in 0.12 seconds.
2023-09-11 08:48:55.798 [Thread-0] TRACE Method 'BatchAutorouter.autoroute_pass #69 on board '1cc6e815ed86fe2c55d65b94e289827f' making 7 changes' was performed in 0.01 seconds.
2023-09-11 08:48:55.945 [Thread-0] TRACE Method 'BatchAutorouter.autoroute_pass #70 on board '92b315ebbf8ac679f87bfd2c96c2dc16' making 9 changes' was performed in 0.14 seconds.
2023-09-11 08:48:55.968 [Thread-0] TRACE Method 'BatchAutorouter.autoroute_pass #71 on board 'b02221a94362881dec3f291b201f288b' making 7 changes' was performed in 0.02 seconds.
2023-09-11 08:48:56.096 [Thread-0] TRACE Method 'BatchAutorouter.autoroute_pass #72 on board '31d5c7798ada9043542cd3558730eb66' making 12 changes' was performed in 0.12 seconds.
2023-09-11 08:48:56.129 [Thread-0] TRACE Method 'BatchAutorouter.autoroute_pass #73 on board '6d13274982c48b5269801fb2c813f478' making 6 changes' was performed in 0.03 seconds.
2023-09-11 08:48:56.261 [Thread-0] TRACE Method 'BatchAutorouter.autoroute_pass #74 on board '87eb96a526c90efbcbffafc6577b8806' making 10 changes' was performed in 0.13 seconds.
2023-09-11 08:48:56.289 [Thread-0] TRACE Method 'BatchAutorouter.autoroute_pass #75 on board '5041a6469bede714ce41a2b7b9ca1420' making 6 changes' was performed in 0.02 seconds.
2023-09-11 08:48:56.418 [Thread-0] TRACE Method 'BatchAutorouter.autoroute_pass #76 on board '02c6ea1c037f3f963ef2f8bb2e3d31d5' making 10 changes' was performed in 0.12 seconds.
2023-09-11 08:48:56.445 [Thread-0] TRACE Method 'BatchAutorouter.autoroute_pass #77 on board 'd0c0a5baa263f13e07a6ef347308cc79' making 6 changes' was performed in 0.02 seconds.
2023-09-11 08:48:56.574 [Thread-0] TRACE Method 'BatchAutorouter.autoroute_pass #78 on board 'dd67354c2e8356f04e8baf3cce5ef041' making 10 changes' was performed in 0.12 seconds.
2023-09-11 08:48:56.601 [Thread-0] TRACE Method 'BatchAutorouter.autoroute_pass #79 on board '1aef75a125bf95cfaba39ed6b80d806f' making 6 changes' was performed in 0.02 seconds.
2023-09-11 08:48:56.727 [Thread-0] TRACE Method 'BatchAutorouter.autoroute_pass #80 on board '0637a092aa324d76669f5684a6b46966' making 8 changes' was performed in 0.12 seconds.
2023-09-11 08:48:56.754 [Thread-0] TRACE Method 'BatchAutorouter.autoroute_pass #81 on board 'c82b6ad457031d656b648f2357fb5ae2' making 6 changes' was performed in 0.02 seconds.
2023-09-11 08:48:56.885 [Thread-0] TRACE Method 'BatchAutorouter.autoroute_pass #82 on board '7af41885cf69ebc5086a32f6b815c0b5' making 8 changes' was performed in 0.12 seconds.
2023-09-11 08:48:56.919 [Thread-0] TRACE Method 'BatchAutorouter.autoroute_pass #83 on board 'e5fc05e2521c90706498d82d1fc2f334' making 6 changes' was performed in 0.03 seconds.
2023-09-11 08:48:57.064 [Thread-0] WARN  There were only 8.39 changes in the last 80 passes, so it's very likely that autorouter can't improve the result much further. It is recommended to stop it and finish the board manually.
2023-09-11 08:48:57.065 [Thread-0] TRACE Method 'BatchAutorouter.autoroute_pass #84 on board 'e048b203111e9da4a3d36f794314d2a0' making 8 changes' was performed in 0.14 seconds.
2023-09-11 08:48:57.095 [Thread-0] TRACE Method 'BatchAutorouter.autoroute_pass #85 on board 'ccd58169537b8b6ef2ef0e5b7d4f6a54' making 6 changes' was performed in 0.02 seconds.
2023-09-11 08:48:57.221 [Thread-0] TRACE Method 'BatchAutorouter.autoroute_pass #86 on board '824538ed6008dcf366ae4667df085b4c' making 8 changes' was performed in 0.12 seconds.
2023-09-11 08:48:57.247 [Thread-0] TRACE Method 'BatchAutorouter.autoroute_pass #87 on board '86fb5c2ad75331481c443ef7c88df9a2' making 6 changes' was performed in 0.02 seconds.
2023-09-11 08:48:57.380 [Thread-0] TRACE Method 'BatchAutorouter.autoroute_pass #88 on board 'fd38148433edd52d8a2e9049c08e0fd1' making 8 changes' was performed in 0.13 seconds.
2023-09-11 08:48:57.408 [Thread-0] TRACE Method 'BatchAutorouter.autoroute_pass #89 on board '5396f2f651104cfdbfd491a7aadbdbd0' making 6 changes' was performed in 0.02 seconds.
2023-09-11 08:48:57.533 [Thread-0] TRACE Method 'BatchAutorouter.autoroute_pass #90 on board '536d143e3f0adba432050ca00f8a62fb' making 8 changes' was performed in 0.12 seconds.
2023-09-11 08:48:57.559 [Thread-0] TRACE Method 'BatchAutorouter.autoroute_pass #91 on board '8b230f69a8b49dd1d90b990cfc5c0ab9' making 6 changes' was performed in 0.02 seconds.
2023-09-11 08:48:57.684 [Thread-0] TRACE Method 'BatchAutorouter.autoroute_pass #92 on board '95311035ec0d5c95297b67fe17bbfd2d' making 8 changes' was performed in 0.12 seconds.
2023-09-11 08:48:57.712 [Thread-0] TRACE Method 'BatchAutorouter.autoroute_pass #93 on board '58953f74593b243bc9faf8228f984ba6' making 6 changes' was performed in 0.02 seconds.
2023-09-11 08:48:57.837 [Thread-0] TRACE Method 'BatchAutorouter.autoroute_pass #94 on board 'ceb85862269762607c49cfdfcfd5748c' making 8 changes' was performed in 0.12 seconds.
2023-09-11 08:48:57.865 [Thread-0] TRACE Method 'BatchAutorouter.autoroute_pass #95 on board '12d2959c3b87d59a064b82bc7ad3c2f3' making 6 changes' was performed in 0.02 seconds.
2023-09-11 08:48:58.005 [Thread-0] TRACE Method 'BatchAutorouter.autoroute_pass #96 on board '559d42cf21f89ce4b65c1febb391cc23' making 8 changes' was performed in 0.13 seconds.
2023-09-11 08:48:58.030 [Thread-0] TRACE Method 'BatchAutorouter.autoroute_pass #97 on board '2b7cadc9100cbaad007aab8fb7f651c6' making 6 changes' was performed in 0.02 seconds.
2023-09-11 08:48:58.158 [Thread-0] TRACE Method 'BatchAutorouter.autoroute_pass #98 on board '27115edce562f79d8ffe8e5e257609c9' making 8 changes' was performed in 0.12 seconds.
2023-09-11 08:48:58.182 [Thread-0] TRACE Method 'BatchAutorouter.autoroute_pass #99 on board '8902662c87a832097185cdb10da6e134' making 6 changes' was performed in 0.02 seconds.
2023-09-11 08:48:58.307 [Thread-0] TRACE Method 'BatchAutorouter.autoroute_pass #100 on board 'ff9ae7c3eebddbca3e9db2485704557f' making 8 changes' was performed in 0.12 seconds.
2023-09-11 08:48:58.332 [Thread-0] TRACE Method 'BatchAutorouter.autoroute_pass #101 on board '7a61ea9665da7bdd0cb87209fb8d401b' making 6 changes' was performed in 0.02 seconds.
2023-09-11 08:48:58.453 [Thread-0] TRACE Method 'BatchAutorouter.autoroute_pass #102 on board '7709103a439109bf645ac961611b96da' making 8 changes' was performed in 0.12 seconds.
2023-09-11 08:48:58.477 [Thread-0] TRACE Method 'BatchAutorouter.autoroute_pass #103 on board '1c5475ccc8a2fc20e29508e2f8294f72' making 6 changes' was performed in 0.02 seconds.
2023-09-11 08:48:58.594 [Thread-0] TRACE Method 'BatchAutorouter.autoroute_pass #104 on board 'ca605be44359713b31cead96c4218716' making 8 changes' was performed in 0.11 seconds.
2023-09-11 08:48:58.623 [Thread-0] WARN  There were only 7.99 changes in the last 100 passes, so it's very likely that autorouter can't improve the result much further. It is recommended to stop it and finish the board manually.
2023-09-11 08:48:58.624 [Thread-0] TRACE Method 'BatchAutorouter.autoroute_pass #105 on board 'fbff104deb65661c92b4698197a04522' making 6 changes' was performed in 0.02 seconds.
2023-09-11 08:48:58.751 [Thread-0] TRACE Method 'BatchAutorouter.autoroute_pass #106 on board '86a3fa58b2fba5daef59df0fc0719c93' making 8 changes' was performed in 0.12 seconds.
2023-09-11 08:48:58.777 [Thread-0] TRACE Method 'BatchAutorouter.autoroute_pass #107 on board '86eacf60996351c1bf7973ae2513dfe1' making 6 changes' was performed in 0.02 seconds.
2023-09-11 08:48:58.906 [Thread-0] TRACE Method 'BatchAutorouter.autoroute_pass #108 on board '8f449678f6848922a97bb48f947e14c1' making 8 changes' was performed in 0.12 seconds.
2023-09-11 08:48:58.932 [Thread-0] TRACE Method 'BatchAutorouter.autoroute_pass #109 on board 'bc92d629eb07f401ad6d55152967367d' making 6 changes' was performed in 0.02 seconds.
2023-09-11 08:48:59.058 [Thread-0] TRACE Method 'BatchAutorouter.autoroute_pass #110 on board '0d2cdf9dca288c77e7106c6b2a4fa200' making 8 changes' was performed in 0.12 seconds.
2023-09-11 08:48:59.083 [Thread-0] TRACE Method 'BatchAutorouter.autoroute_pass #111 on board '6de54e77b112fc29b292b1a027555ff2' making 6 changes' was performed in 0.02 seconds.
2023-09-11 08:48:59.231 [Thread-0] TRACE Method 'BatchAutorouter.autoroute_pass #112 on board 'd9d20fe931ed53286c539a703b8e173d' making 8 changes' was performed in 0.14 seconds.
2023-09-11 08:48:59.257 [Thread-0] TRACE Method 'BatchAutorouter.autoroute_pass #113 on board '2398b22e64afe2f03df762162b4fc80d' making 6 changes' was performed in 0.02 seconds.
2023-09-11 08:48:59.382 [Thread-0] TRACE Method 'BatchAutorouter.autoroute_pass #114 on board '4748d1592e1517ae46de3f807228ba45' making 8 changes' was performed in 0.12 seconds.
2023-09-11 08:48:59.406 [Thread-0] TRACE Method 'BatchAutorouter.autoroute_pass #115 on board '8b2326afab8e2e91781b3c0e2974b2da' making 6 changes' was performed in 0.02 seconds.
2023-09-11 08:48:59.527 [Thread-0] TRACE Method 'BatchAutorouter.autoroute_pass #116 on board '39b51fcb580130758960c3f30760c3fc' making 8 changes' was performed in 0.12 seconds.
2023-09-11 08:48:59.550 [Thread-0] TRACE Method 'BatchAutorouter.autoroute_pass #117 on board '10794ee5528bce720343cc147874b376' making 6 changes' was performed in 0.02 seconds.
2023-09-11 08:48:59.670 [Thread-0] TRACE Method 'BatchAutorouter.autoroute_pass #118 on board '523f4fbe729d9af2dc2f9251a094acd2' making 8 changes' was performed in 0.11 seconds.
2023-09-11 08:48:59.693 [Thread-0] TRACE Method 'BatchAutorouter.autoroute_pass #119 on board '182ca14c0f0c21db972a13ef8058f2c4' making 6 changes' was performed in 0.02 seconds.
2023-09-11 08:48:59.816 [Thread-0] TRACE Method 'BatchAutorouter.autoroute_pass #120 on board 'c0fb016f1b590ca90078adb8ed6bbb3b' making 8 changes' was performed in 0.12 seconds.
2023-09-11 08:48:59.841 [Thread-0] TRACE Method 'BatchAutorouter.autoroute_pass #121 on board '02a9d87232fa8bf497adfd526e7d6d56' making 6 changes' was performed in 0.02 seconds.
2023-09-11 08:48:59.953 [Thread-0] TRACE Method 'BatchAutorouter.autoroute_pass #122 on board '443754c62a380740696829749f8d8e4d' making 8 changes' was performed in 0.11 seconds.
2023-09-11 08:48:59.975 [Thread-0] TRACE Method 'BatchAutorouter.autoroute_pass #123 on board '238be29611aa732da251d9f6eeb6a84f' making 6 changes' was performed in 0.02 seconds.
2023-09-11 08:49:00.091 [Thread-0] TRACE Method 'BatchAutorouter.autoroute_pass #124 on board '2bf672664864ed7670de9c1d01da98c6' making 8 changes' was performed in 0.11 seconds.
2023-09-11 08:49:00.115 [Thread-0] TRACE Method 'BatchAutorouter.autoroute_pass #125 on board '67a39ff36bbb3906310f0f1723b11462' making 6 changes' was performed in 0.02 seconds.
2023-09-11 08:49:00.234 [Thread-0] WARN  There were only 7.64 changes in the last 120 passes, so it's very likely that autorouter can't improve the result much further. It is recommended to stop it and finish the board manually.
2023-09-11 08:49:00.235 [Thread-0] TRACE Method 'BatchAutorouter.autoroute_pass #126 on board '0f28cb4a30bb610cc5745fe11411aa9e' making 8 changes' was performed in 0.11 seconds.
2023-09-11 08:49:00.261 [Thread-0] TRACE Method 'BatchAutorouter.autoroute_pass #127 on board '81ca64db87fad87b1fc7d97485de9653' making 6 changes' was performed in 0.02 seconds.
2023-09-11 08:49:00.383 [Thread-0] TRACE Method 'BatchAutorouter.autoroute_pass #128 on board '5289259008684c6c53ab1eaa563616ec' making 8 changes' was performed in 0.12 seconds.
2023-09-11 08:49:00.406 [Thread-0] TRACE Method 'BatchAutorouter.autoroute_pass #129 on board 'eeb808b5c55a0800bbbab27f5e7bd22d' making 6 changes' was performed in 0.02 seconds.
2023-09-11 08:49:00.523 [Thread-0] TRACE Method 'BatchAutorouter.autoroute_pass #130 on board 'fd17c54a23529831a986251cf716ea0e' making 8 changes' was performed in 0.11 seconds.
2023-09-11 08:49:00.546 [Thread-0] TRACE Method 'BatchAutorouter.autoroute_pass #131 on board '9fd7a93b2fa4701247832a2db4b99371' making 6 changes' was performed in 0.02 seconds.
2023-09-11 08:49:00.663 [Thread-0] TRACE Method 'BatchAutorouter.autoroute_pass #132 on board '56c126e798e294c59750be78d8ca4043' making 8 changes' was performed in 0.11 seconds.
2023-09-11 08:49:00.686 [Thread-0] TRACE Method 'BatchAutorouter.autoroute_pass #133 on board '0e89134f510f62b7c00ecce393178d13' making 6 changes' was performed in 0.02 seconds.
2023-09-11 08:49:00.803 [Thread-0] TRACE Method 'BatchAutorouter.autoroute_pass #134 on board 'c3202f5a5085b573ec75dcaa08dcaf4e' making 8 changes' was performed in 0.11 seconds.
2023-09-11 08:49:00.825 [Thread-0] TRACE Method 'BatchAutorouter.autoroute_pass #135 on board 'b31451cb20470d5f09d3481bd2dab6be' making 6 changes' was performed in 0.02 seconds.
2023-09-11 08:49:00.940 [Thread-0] TRACE Method 'BatchAutorouter.autoroute_pass #136 on board '93a371af96095ee0e788ab4539ce9e25' making 8 changes' was performed in 0.11 seconds.
2023-09-11 08:49:00.963 [Thread-0] TRACE Method 'BatchAutorouter.autoroute_pass #137 on board '4150537b5b4ff44645f0cead491c0d03' making 6 changes' was performed in 0.02 seconds.
2023-09-11 08:49:01.080 [Thread-0] TRACE Method 'BatchAutorouter.autoroute_pass #138 on board '823f68e2371137c12a07216176b78bcf' making 8 changes' was performed in 0.11 seconds.
2023-09-11 08:49:01.103 [Thread-0] TRACE Method 'BatchAutorouter.autoroute_pass #139 on board '6ec938527764b9237822c57b3b41c613' making 6 changes' was performed in 0.02 seconds.
2023-09-11 08:49:01.221 [Thread-0] TRACE Method 'BatchAutorouter.autoroute_pass #140 on board 'd0bc35d604b4b9472c5d3091898315da' making 8 changes' was performed in 0.11 seconds.
2023-09-11 08:49:01.245 [Thread-0] TRACE Method 'BatchAutorouter.autoroute_pass #141 on board 'f5540666938574fe12b355bde734c4f5' making 6 changes' was performed in 0.02 seconds.
2023-09-11 08:49:01.360 [Thread-0] TRACE Method 'BatchAutorouter.autoroute_pass #142 on board '249d66d4b25dd9e3d2cb6ad0c215d1f6' making 8 changes' was performed in 0.11 seconds.
2023-09-11 08:49:01.382 [Thread-0] TRACE Method 'BatchAutorouter.autoroute_pass #143 on board '29a84954d5ebcaf43b9fe076a84a464d' making 6 changes' was performed in 0.02 seconds.
2023-09-11 08:49:01.494 [Thread-0] TRACE Method 'BatchAutorouter.autoroute_pass #144 on board '7e8e62fb2e30e422e6c1af8432a3a9ec' making 8 changes' was performed in 0.11 seconds.
2023-09-11 08:49:01.517 [Thread-0] TRACE Method 'BatchAutorouter.autoroute_pass #145 on board '55abe35a903903fb26d38664a3430223' making 6 changes' was performed in 0.02 seconds.
2023-09-11 08:49:01.628 [Thread-0] TRACE Method 'BatchAutorouter.autoroute_pass #146 on board '6b9af68a3e62a43b082b76fa5bc50ad0' making 8 changes' was performed in 0.11 seconds.
2023-09-11 08:49:01.651 [Thread-0] WARN  There were only 7.54 changes in the last 140 passes, so it's very likely that autorouter can't improve the result much further. It is recommended to stop it and finish the board manually.
2023-09-11 08:49:01.652 [Thread-0] TRACE Method 'BatchAutorouter.autoroute_pass #147 on board '8f2761725c6b65f9d5f0d04a3a13f26d' making 6 changes' was performed in 0.02 seconds.
2023-09-11 08:49:01.774 [Thread-0] TRACE Method 'BatchAutorouter.autoroute_pass #148 on board '1f6847316b1e2dacf7eb421e560cb285' making 8 changes' was performed in 0.12 seconds.
2023-09-11 08:49:01.797 [Thread-0] TRACE Method 'BatchAutorouter.autoroute_pass #149 on board '34f2ad25260413ae2e4f704c38808752' making 6 changes' was performed in 0.02 seconds.
2023-09-11 08:49:01.916 [Thread-0] TRACE Method 'BatchAutorouter.autoroute_pass #150 on board 'b34b6ad0a2b20a0a0694d8987b480983' making 8 changes' was performed in 0.11 seconds.
2023-09-11 08:49:01.939 [Thread-0] TRACE Method 'BatchAutorouter.autoroute_pass #151 on board 'a73b1a5b8c7ad178301a59ce4869406e' making 6 changes' was performed in 0.02 seconds.
2023-09-11 08:49:02.056 [Thread-0] TRACE Method 'BatchAutorouter.autoroute_pass #152 on board '8b79029a00896185d9fccefe23eb8467' making 8 changes' was performed in 0.11 seconds.
2023-09-11 08:49:02.078 [Thread-0] TRACE Method 'BatchAutorouter.autoroute_pass #153 on board '1b546d293a99e7696c62dfd04666e5b8' making 6 changes' was performed in 0.02 seconds.
2023-09-11 08:49:02.188 [Thread-0] TRACE Method 'BatchAutorouter.autoroute_pass #154 on board '037aed7c65eda089c8b2dda01452a51b' making 8 changes' was performed in 0.10 seconds.
2023-09-11 08:49:02.211 [Thread-0] TRACE Method 'BatchAutorouter.autoroute_pass #155 on board 'e02fd4ee2845cec24689fa625ec9aea6' making 6 changes' was performed in 0.02 seconds.
2023-09-11 08:49:02.334 [Thread-0] TRACE Method 'BatchAutorouter.autoroute_pass #156 on board 'ab7dd3c98a8f478b620993aacce08265' making 8 changes' was performed in 0.12 seconds.
2023-09-11 08:49:02.358 [Thread-0] TRACE Method 'BatchAutorouter.autoroute_pass #157 on board 'aa8ce99e78f5460284790315a257a17a' making 6 changes' was performed in 0.02 seconds.
2023-09-11 08:49:02.479 [Thread-0] TRACE Method 'BatchAutorouter.autoroute_pass #158 on board '64a7f101aba028c3daa18710fa8296ac' making 8 changes' was performed in 0.12 seconds.
2023-09-11 08:49:02.502 [Thread-0] TRACE Method 'BatchAutorouter.autoroute_pass #159 on board '3fb4ecc7f91b98c7feb615da695af1d1' making 6 changes' was performed in 0.02 seconds.
2023-09-11 08:49:02.617 [Thread-0] TRACE Method 'BatchAutorouter.autoroute_pass #160 on board '0382de4b4de08e999a3afbc155aa497f' making 8 changes' was performed in 0.11 seconds.
2023-09-11 08:49:02.639 [Thread-0] TRACE Method 'BatchAutorouter.autoroute_pass #161 on board '3087859246bb599bceb7de424e126a33' making 6 changes' was performed in 0.02 seconds.
2023-09-11 08:49:02.753 [Thread-0] TRACE Method 'BatchAutorouter.autoroute_pass #162 on board 'a029a4717ac15994b9b96c5841df9eed' making 8 changes' was performed in 0.11 seconds.
2023-09-11 08:49:02.776 [Thread-0] TRACE Method 'BatchAutorouter.autoroute_pass #163 on board '705764b6e108b61535cb7099f2bec14a' making 6 changes' was performed in 0.02 seconds.
2023-09-11 08:49:02.892 [Thread-0] TRACE Method 'BatchAutorouter.autoroute_pass #164 on board '44e8eed9ec0370bcee56e8c3bd337d66' making 8 changes' was performed in 0.11 seconds.
2023-09-11 08:49:02.914 [Thread-0] TRACE Method 'BatchAutorouter.autoroute_pass #165 on board '24f2f7c6739689250691be1e086507ee' making 6 changes' was performed in 0.02 seconds.
2023-09-11 08:49:03.025 [Thread-0] TRACE Method 'BatchAutorouter.autoroute_pass #166 on board '7fb36ad802da073c31353defd60a9785' making 8 changes' was performed in 0.10 seconds.
2023-09-11 08:49:03.046 [Thread-0] TRACE Method 'BatchAutorouter.autoroute_pass #167 on board 'cfc99064bae128a147fa417b1583685b' making 6 changes' was performed in 0.02 seconds.
2023-09-11 08:49:03.158 [Thread-0] WARN  There were only 7.46 changes in the last 160 passes, so it's very likely that autorouter can't improve the result much further. It is recommended to stop it and finish the board manually.
2023-09-11 08:49:03.159 [Thread-0] TRACE Method 'BatchAutorouter.autoroute_pass #168 on board '3d3fe9f973f4880e89803fcd9f1deecd' making 8 changes' was performed in 0.11 seconds.
2023-09-11 08:49:03.182 [Thread-0] TRACE Method 'BatchAutorouter.autoroute_pass #169 on board 'ad60f4f81aa30d2d1f5d0f115b644ccf' making 6 changes' was performed in 0.02 seconds.
2023-09-11 08:49:03.293 [Thread-0] TRACE Method 'BatchAutorouter.autoroute_pass #170 on board '085225cd443a7a79164c8511796a6408' making 8 changes' was performed in 0.11 seconds.
2023-09-11 08:49:03.316 [Thread-0] TRACE Method 'BatchAutorouter.autoroute_pass #171 on board '55893fd4f35891a556818024ab5b7b61' making 6 changes' was performed in 0.02 seconds.
2023-09-11 08:49:03.428 [Thread-0] TRACE Method 'BatchAutorouter.autoroute_pass #172 on board 'af5b9b9bf14326494ad9966c12f9e234' making 8 changes' was performed in 0.11 seconds.
2023-09-11 08:49:03.451 [Thread-0] TRACE Method 'BatchAutorouter.autoroute_pass #173 on board 'fff1a58350bc4c172c12c59dc21b9d62' making 6 changes' was performed in 0.02 seconds.
2023-09-11 08:49:03.564 [Thread-0] TRACE Method 'BatchAutorouter.autoroute_pass #174 on board '55b40dc7c6856ff4b90f8caf7c7afa86' making 8 changes' was performed in 0.11 seconds.
2023-09-11 08:49:03.586 [Thread-0] TRACE Method 'BatchAutorouter.autoroute_pass #175 on board '799b9585e67eb5c522a4cf62544b28a2' making 6 changes' was performed in 0.02 seconds.
2023-09-11 08:49:03.700 [Thread-0] TRACE Method 'BatchAutorouter.autoroute_pass #176 on board 'aa80c0bed8ad0f03b934a3564e83426b' making 8 changes' was performed in 0.11 seconds.
2023-09-11 08:49:03.723 [Thread-0] TRACE Method 'BatchAutorouter.autoroute_pass #177 on board '93f578bf3c6812e507dcc3c5ef037138' making 6 changes' was performed in 0.02 seconds.
2023-09-11 08:49:03.837 [Thread-0] TRACE Method 'BatchAutorouter.autoroute_pass #178 on board 'a304fc9178c6b950ff65cd03591aee50' making 8 changes' was performed in 0.11 seconds.
2023-09-11 08:49:03.859 [Thread-0] TRACE Method 'BatchAutorouter.autoroute_pass #179 on board 'c641b3f3a538b88ceee1e33cf476a082' making 6 changes' was performed in 0.02 seconds.
2023-09-11 08:49:03.972 [Thread-0] TRACE Method 'BatchAutorouter.autoroute_pass #180 on board '1f908ac96f14c7a5920cb850307c7285' making 8 changes' was performed in 0.11 seconds.
2023-09-11 08:49:03.994 [Thread-0] TRACE Method 'BatchAutorouter.autoroute_pass #181 on board '69d79d023b25d88a3a9706963b301726' making 6 changes' was performed in 0.02 seconds.
2023-09-11 08:49:04.109 [Thread-0] TRACE Method 'BatchAutorouter.autoroute_pass #182 on board '9e1d9400577de93b490d2275f6200c6e' making 8 changes' was performed in 0.11 seconds.
2023-09-11 08:49:04.132 [Thread-0] TRACE Method 'BatchAutorouter.autoroute_pass #183 on board '1b9ff835a087abc7d968f6a0d3c341bd' making 6 changes' was performed in 0.02 seconds.
2023-09-11 08:49:04.249 [Thread-0] TRACE Method 'BatchAutorouter.autoroute_pass #184 on board '87137ba284a41f970f31ea67f0f5a3bc' making 8 changes' was performed in 0.11 seconds.
2023-09-11 08:49:04.272 [Thread-0] TRACE Method 'BatchAutorouter.autoroute_pass #185 on board '31a4d8d56e7e9d3f551dfdf2a4f1bad4' making 6 changes' was performed in 0.02 seconds.
2023-09-11 08:49:04.390 [Thread-0] TRACE Method 'BatchAutorouter.autoroute_pass #186 on board '5cb61376db3431a063d356f88a855a1b' making 8 changes' was performed in 0.11 seconds.
2023-09-11 08:49:04.412 [Thread-0] TRACE Method 'BatchAutorouter.autoroute_pass #187 on board '06660b514440e279aba3581dd34abdd7' making 6 changes' was performed in 0.02 seconds.
2023-09-11 08:49:04.527 [Thread-0] TRACE Method 'BatchAutorouter.autoroute_pass #188 on board '58c76f8f691c1d253e9ecf30b4f03dd3' making 8 changes' was performed in 0.11 seconds.
2023-09-11 08:49:04.549 [Thread-0] WARN  There were only 7.40 changes in the last 180 passes, so it's very likely that autorouter can't improve the result much further. It is recommended to stop it and finish the board manually.
2023-09-11 08:49:04.549 [Thread-0] TRACE Method 'BatchAutorouter.autoroute_pass #189 on board '491c098f0ae3e03c662dc1bcae4a7762' making 6 changes' was performed in 0.02 seconds.
2023-09-11 08:49:04.659 [Thread-0] TRACE Method 'BatchAutorouter.autoroute_pass #190 on board '9a9d07d381e19358e91bb10856277ad5' making 8 changes' was performed in 0.10 seconds.
2023-09-11 08:49:04.681 [Thread-0] TRACE Method 'BatchAutorouter.autoroute_pass #191 on board '966a71e51ad8129f72b7c9ed53dfd161' making 6 changes' was performed in 0.02 seconds.
2023-09-11 08:49:04.790 [Thread-0] TRACE Method 'BatchAutorouter.autoroute_pass #192 on board 'c35091b0045b0258b8523d284dc60be8' making 8 changes' was performed in 0.10 seconds.
2023-09-11 08:49:04.812 [Thread-0] TRACE Method 'BatchAutorouter.autoroute_pass #193 on board '794d6a8193ddae7c7fea936be4f3c0e0' making 6 changes' was performed in 0.02 seconds.
2023-09-11 08:49:04.921 [Thread-0] TRACE Method 'BatchAutorouter.autoroute_pass #194 on board '9cfb792de3ea652e8f6c651bd3898d80' making 8 changes' was performed in 0.10 seconds.
2023-09-11 08:49:04.943 [Thread-0] TRACE Method 'BatchAutorouter.autoroute_pass #195 on board '635456c3c7d2c9ffd166351c8f476c94' making 6 changes' was performed in 0.02 seconds.
2023-09-11 08:49:05.052 [Thread-0] TRACE Method 'BatchAutorouter.autoroute_pass #196 on board '5731b7aafb308125ef63d825cbf781e6' making 8 changes' was performed in 0.10 seconds.
2023-09-11 08:49:05.074 [Thread-0] TRACE Method 'BatchAutorouter.autoroute_pass #197 on board 'b9525e32108c0d9fb0de9455ab547694' making 6 changes' was performed in 0.02 seconds.
2023-09-11 08:49:05.182 [Thread-0] TRACE Method 'BatchAutorouter.autoroute_pass #198 on board '7adfe29c946a35468942112ff8fddc0e' making 8 changes' was performed in 0.10 seconds.
2023-09-11 08:49:05.204 [Thread-0] TRACE Method 'BatchAutorouter.autoroute_pass #199 on board 'efc4216f0690ac65285876dc9592ba81' making 6 changes' was performed in 0.02 seconds.
2023-09-11 08:49:05.309 [Thread-0] TRACE Method 'BatchAutorouter.autoroute_pass #200 on board '2e42d4a2f6b6a51ddb7e3277e5aaf84a' making 9 changes' was performed in 0.10 seconds.
2023-09-11 08:49:05.324 [Thread-0] TRACE Method 'BatchAutorouter.autoroute_pass #201 on board '0a60106aae34ec5e05170dbfbdbe712d' making 7 changes' was performed in 0.01 seconds.
2023-09-11 08:49:05.423 [Thread-0] TRACE Method 'BatchAutorouter.autoroute_pass #202 on board '9a43f0e976b23859d5690d9ec25d0c37' making 9 changes' was performed in 0.09 seconds.
2023-09-11 08:49:05.439 [Thread-0] TRACE Method 'BatchAutorouter.autoroute_pass #203 on board '045b9ae45f41822a759d34534b5be9f9' making 7 changes' was performed in 0.01 seconds.
2023-09-11 08:49:05.542 [Thread-0] TRACE Method 'BatchAutorouter.autoroute_pass #204 on board 'f02d5b82d38acd15b6abdfeb28e9a467' making 9 changes' was performed in 0.10 seconds.
2023-09-11 08:49:05.558 [Thread-0] TRACE Method 'BatchAutorouter.autoroute_pass #205 on board 'f83f601194484260463976787e0d6be0' making 7 changes' was performed in 0.01 seconds.
2023-09-11 08:49:05.658 [Thread-0] TRACE Method 'BatchAutorouter.autoroute_pass #206 on board 'b3ae7d8b06ad212c5a68761c5aceeba8' making 9 changes' was performed in 0.10 seconds.
2023-09-11 08:49:05.674 [Thread-0] TRACE Method 'BatchAutorouter.autoroute_pass #207 on board '0f8eaba556ea1c53140ee6aa36bf4870' making 7 changes' was performed in 0.01 seconds.
2023-09-11 08:49:05.775 [Thread-0] TRACE Method 'BatchAutorouter.autoroute_pass #208 on board '2225315be6170d434678ccc7701d6830' making 9 changes' was performed in 0.10 seconds.
2023-09-11 08:49:05.791 [Thread-0] TRACE Method 'BatchAutorouter.autoroute_pass #209 on board 'b0bef8a1d7851f057628a9c8eea4f54b' making 7 changes' was performed in 0.01 seconds.
2023-09-11 08:49:05.896 [Thread-0] WARN  There were only 7.41 changes in the last 200 passes, so it's very likely that autorouter can't improve the result much further. It is recommended to stop it and finish the board manually.
2023-09-11 08:49:05.897 [Thread-0] WARN  There was so little change during the recent passes that autorouter will be stopped now.
2023-09-11 08:49:05.897 [Thread-0] TRACE Method 'BatchAutorouter.autoroute_pass #210 on board 'd4fd21421f559566dc3e9cc63f03a8d8' making 9 changes' was performed in 0.10 seconds.
2023-09-11 08:49:05.898 [Thread-0] TRACE Method 'BatchAutorouterThread.thread_action()-autorouting' was performed in 17.72 seconds.
2023-09-11 08:49:05.898 [Thread-0] INFO  Auto-routing was completed in 17.72 seconds.
2023-09-11 08:49:05.899 [Thread-0] INFO  Starting route optimization on 1 thread...
2023-09-11 08:49:08.462 [Thread-0] TRACE Method 'BatchOptRoute.opt_route_pass #1 with 7 vias and 154,089.97 trace length.' was performed in 2.56 seconds.
2023-09-11 08:49:10.106 [Thread-0] TRACE Method 'BatchOptRoute.opt_route_pass #2 with 8 vias and 153,552.34 trace length.' was performed in 1.64 seconds.
2023-09-11 08:49:13.054 [Thread-0] TRACE Method 'BatchOptRoute.opt_route_pass #3 with 8 vias and 150,073.74 trace length.' was performed in 2.95 seconds.
2023-09-11 08:49:15.991 [Thread-0] TRACE Method 'BatchOptRoute.opt_route_pass #4 with 8 vias and 149,442.70 trace length.' was performed in 2.94 seconds.
2023-09-11 08:49:18.862 [Thread-0] TRACE Method 'BatchOptRoute.opt_route_pass #5 with 8 vias and 148,741.94 trace length.' was performed in 2.87 seconds.
2023-09-11 08:49:20.199 [Thread-0] TRACE Method 'BatchOptRoute.opt_route_pass #6 with 8 vias and 148,721.29 trace length.' was performed in 1.33 seconds.
2023-09-11 08:49:22.500 [Thread-0] TRACE Method 'BatchOptRoute.opt_route_pass #7 with 8 vias and 148,710.01 trace length.' was performed in 2.30 seconds.
2023-09-11 08:49:25.539 [Thread-0] TRACE Method 'BatchOptRoute.opt_route_pass #8 with 8 vias and 148,710.01 trace length.' was performed in 3.04 seconds.
2023-09-11 08:49:28.585 [Thread-0] TRACE Method 'BatchOptRoute.opt_route_pass #9 with 8 vias and 148,260.81 trace length.' was performed in 3.04 seconds.
2023-09-11 08:49:28.586 [Thread-0] TRACE Method 'BatchAutorouterThread.thread_action()-routeoptimization' was performed in 22.69 seconds.
2023-09-11 08:49:28.587 [Thread-0] INFO  Route optimization was completed in 22.69 seconds and it improved the design by ~1.89%.
2023-09-11 08:49:28.593 [Thread-0] TRACE Method 'BatchAutorouterThread.thread_action()' was performed in 40.42 seconds.
2023-09-11 09:27:06.044 [main] INFO  Freerouting v1.7.0 (build-date: 2023-02-08)
2023-09-11 09:27:06.047 [main] DEBUG  Version: 1.7.0,2023-02-08
2023-09-11 09:27:06.050 [main] DEBUG  Command line arguments: '-us hybrid -de i_control_led.dsn'
2023-09-11 09:27:06.051 [main] DEBUG  Architecture: Linux,amd64,5.15.0-76-generic
2023-09-11 09:27:06.051 [main] DEBUG  Java: 17.0.6,Eclipse Adoptium
2023-09-11 09:27:06.052 [main] DEBUG  System Language: en,en_US
2023-09-11 09:27:06.055 [main] DEBUG  Hardware: 4 CPU cores,3912 MB RAM
2023-09-11 09:27:06.070 [main] DEBUG  UTC Time: 2023-09-11T16:27:06.055627759Z
2023-09-11 09:27:06.074 [main] DEBUG  GUI Language: en_US
2023-09-11 09:27:06.081 [main] INFO  Opening 'i_control_led.dsn'...
2023-09-11 09:27:07.269 [main] INFO  Opening 'i_control_led.rules'...
2023-09-11 09:27:07.270 [main] ERROR File 'i_control_led.rules' was not found.
2023-09-11 09:27:07.622 [main] TRACE Method 'MainApplication.main()' was performed in 1.69 seconds.
2023-09-11 09:27:09.064 [Thread-0] INFO  Starting auto-routing...
2023-09-11 09:27:09.634 [Thread-0] TRACE Method 'BatchAutorouter.autoroute_pass #1 on board '43bc3e95b38de11ba7dc13214a79998e' making 19 changes' was performed in 0.46 seconds.
2023-09-11 09:27:09.766 [Thread-0] TRACE Method 'BatchAutorouter.autoroute_pass #2 on board '0386777754450c14bbae6e5a84443392' making 7 changes' was performed in 0.11 seconds.
2023-09-11 09:27:09.787 [Thread-0] TRACE Method 'BatchAutorouter.autoroute_pass #3 on board 'cc68fcd6fb7148cd843b94221e9ee8c3' making 0 changes' was performed in 0.00 seconds.
2023-09-11 09:27:09.794 [Thread-0] TRACE Method 'BatchAutorouterThread.thread_action()-autorouting' was performed in 0.73 seconds.
2023-09-11 09:27:09.799 [Thread-0] INFO  Auto-routing was completed in 0.73 seconds.
2023-09-11 09:27:09.803 [Thread-0] INFO  Starting route optimization on 1 thread...
2023-09-11 09:27:10.414 [Thread-0] TRACE Method 'BatchOptRoute.opt_route_pass #1 with 10 vias and 175,840.97 trace length.' was performed in 0.60 seconds.
2023-09-11 09:27:10.835 [Thread-0] TRACE Method 'BatchOptRoute.opt_route_pass #2 with 10 vias and 175,262.22 trace length.' was performed in 0.40 seconds.
2023-09-11 09:27:11.261 [Thread-0] TRACE Method 'BatchOptRoute.opt_route_pass #3 with 10 vias and 171,819.68 trace length.' was performed in 0.42 seconds.
2023-09-11 09:27:11.683 [Thread-0] TRACE Method 'BatchOptRoute.opt_route_pass #4 with 10 vias and 171,819.68 trace length.' was performed in 0.42 seconds.
2023-09-11 09:27:12.112 [Thread-0] TRACE Method 'BatchOptRoute.opt_route_pass #5 with 10 vias and 170,460.66 trace length.' was performed in 0.42 seconds.
2023-09-11 09:27:12.113 [Thread-0] TRACE Method 'BatchAutorouterThread.thread_action()-routeoptimization' was performed in 2.31 seconds.
2023-09-11 09:27:12.114 [Thread-0] INFO  Route optimization was completed in 2.31 seconds and it improved the design by ~1.53%.
2023-09-11 09:27:12.121 [Thread-0] TRACE Method 'BatchAutorouterThread.thread_action()' was performed in 3.06 seconds.
